<?xml version="1.0" encoding="UTF-8"?>
<!-- Generated by org.testng.reporters.JUnitReportReporter -->
<testsuite hostname="Muzammil" failures="0" tests="3" name="tests.SubscriptionTests" time="31.890" errors="0" timestamp="2024-09-16T19:02:55 GST" skipped="0">
  <testcase classname="tests.SubscriptionTests" name="validateSubscriptionPrices" time="13.325"/>
  <system-out/>
  <testcase classname="tests.SubscriptionTests" name="validateKuwaitSubscriptionPrices" time="3.864"/>
  <system-out/>
  <testcase classname="tests.SubscriptionTests" name="validateBahrainSubscriptionPrices" time="14.701"/>
  <system-out/>
</testsuite> <!-- tests.SubscriptionTests -->
